Flow report for RF
Wed Dec 30 12:30:26 2020
Quartus II Version 11.0 Build 208 07/03/2011 Service Pack 1 SJ Web Edition


---------------------
; Table of Contents ;
---------------------
  1. Legal Notice
  2. Flow Summary
  3. Flow Settings
  4. Flow Non-Default Global Settings
  5. Flow Elapsed Time
  6. Flow OS Summary
  7. Flow Log



----------------
; Legal Notice ;
----------------
Copyright (C) 1991-2011 Altera Corporation
Your use of Altera Corporation's design tools, logic functions 
and other software and tools, and its AMPP partner logic 
functions, and any output files from any of the foregoing 
(including device programming or simulation files), and any 
associated documentation or information are expressly subject 
to the terms and conditions of the Altera Program License 
Subscription Agreement, Altera MegaCore Function License 
Agreement, or other applicable license agreement, including, 
without limitation, that your use is for the sole purpose of 
programming logic devices manufactured by Altera and sold by 
Altera or its authorized distributors.  Please refer to the 
applicable agreement for further details.



+------------------------------------------------------------------------------------+
; Flow Summary                                                                       ;
+------------------------------------+-----------------------------------------------+
; Flow Status                        ; Successful - Wed Dec 30 12:30:26 2020         ;
; Quartus II Version                 ; 11.0 Build 208 07/03/2011 SP 1 SJ Web Edition ;
; Revision Name                      ; RF                                            ;
; Top-level Entity Name              ; RF                                            ;
; Family                             ; Cyclone IV GX                                 ;
; Total logic elements               ; 120 / 49,888 ( < 1 % )                        ;
;     Total combinational functions  ; 80 / 49,888 ( < 1 % )                         ;
;     Dedicated logic registers      ; 120 / 49,888 ( < 1 % )                        ;
; Total registers                    ; 120                                           ;
; Total pins                         ; 266 / 343 ( 78 % )                            ;
; Total virtual pins                 ; 0                                             ;
; Total memory bits                  ; 0 / 2,562,048 ( 0 % )                         ;
; Embedded Multiplier 9-bit elements ; 0 / 280 ( 0 % )                               ;
; Total GXB Receiver Channel PCS     ; 0 / 8 ( 0 % )                                 ;
; Total GXB Receiver Channel PMA     ; 0 / 8 ( 0 % )                                 ;
; Total GXB Transmitter Channel PCS  ; 0 / 8 ( 0 % )                                 ;
; Total GXB Transmitter Channel PMA  ; 0 / 8 ( 0 % )                                 ;
; Total PLLs                         ; 0 / 8 ( 0 % )                                 ;
; Device                             ; EP4CGX50DF27C6                                ;
; Timing Models                      ; Final                                         ;
+------------------------------------+-----------------------------------------------+


+-----------------------------------------+
; Flow Settings                           ;
+-------------------+---------------------+
; Option            ; Setting             ;
+-------------------+---------------------+
; Start date & time ; 12/30/2020 12:29:45 ;
; Main task         ; Compilation         ;
; Revision Name     ; RF                  ;
+-------------------+---------------------+


+-----------------------------------------------------------------------------------------------------------------+
; Flow Non-Default Global Settings                                                                                ;
+-------------------------------------+--------------------------------+---------------+-------------+------------+
; Assignment Name                     ; Value                          ; Default Value ; Entity Name ; Section Id ;
+-------------------------------------+--------------------------------+---------------+-------------+------------+
; COMPILER_SIGNATURE_ID               ; 93179171902457.160932778510116 ; --            ; --          ; --         ;
; PARTITION_COLOR                     ; 16764057                       ; --            ; --          ; Top        ;
; PARTITION_FITTER_PRESERVATION_LEVEL ; PLACEMENT_AND_ROUTING          ; --            ; --          ; Top        ;
; PARTITION_NETLIST_TYPE              ; SOURCE                         ; --            ; --          ; Top        ;
+-------------------------------------+--------------------------------+---------------+-------------+------------+


+-------------------------------------------------------------------------------------------------------------------------------+
; Flow Elapsed Time                                                                                                             ;
+---------------------------+--------------+-------------------------+---------------------+------------------------------------+
; Module Name               ; Elapsed Time ; Average Processors Used ; Peak Virtual Memory ; Total CPU Time (on all processors) ;
+---------------------------+--------------+-------------------------+---------------------+------------------------------------+
; Analysis & Synthesis      ; 00:00:04     ; 1.0                     ; 326 MB              ; 00:00:03                           ;
; Fitter                    ; 00:00:22     ; 1.0                     ; 481 MB              ; 00:00:21                           ;
; TimeQuest Timing Analyzer ; 00:00:10     ; 1.0                     ; 334 MB              ; 00:00:08                           ;
; Assembler                 ; 00:00:11     ; 1.0                     ; 434 MB              ; 00:00:10                           ;
; Total                     ; 00:00:47     ; --                      ; --                  ; 00:00:42                           ;
+---------------------------+--------------+-------------------------+---------------------+------------------------------------+


+----------------------------------------------------------------------------------------+
; Flow OS Summary                                                                        ;
+---------------------------+------------------+-----------+------------+----------------+
; Module Name               ; Machine Hostname ; OS Name   ; OS Version ; Processor type ;
+---------------------------+------------------+-----------+------------+----------------+
; Analysis & Synthesis      ; Pc-ute           ; Windows 7 ; 6.2        ; x86_64         ;
; Fitter                    ; Pc-ute           ; Windows 7 ; 6.2        ; x86_64         ;
; TimeQuest Timing Analyzer ; Pc-ute           ; Windows 7 ; 6.2        ; x86_64         ;
; Assembler                 ; Pc-ute           ; Windows 7 ; 6.2        ; x86_64         ;
+---------------------------+------------------+-----------+------------+----------------+


------------
; Flow Log ;
------------
quartus_map --read_settings_files=on --write_settings_files=off RF -c RF
quartus_fit --read_settings_files=off --write_settings_files=off RF -c RF
quartus_sta RF -c RF
quartus_asm --read_settings_files=off --write_settings_files=off RF -c RF



