Analysis & Synthesis report for RF
Wed Dec 30 12:29:49 2020
Quartus II Version 11.0 Build 208 07/03/2011 Service Pack 1 SJ Web Edition


---------------------
; Table of Contents ;
---------------------
  1. Legal Notice
  2. Analysis & Synthesis Summary
  3. Analysis & Synthesis Settings
  4. Parallel Compilation
  5. Analysis & Synthesis Source Files Read
  6. Analysis & Synthesis Resource Usage Summary
  7. Analysis & Synthesis Resource Utilization by Entity
  8. General Register Statistics
  9. Multiplexer Restructuring Statistics (Restructuring Performed)
 10. Elapsed Time Per Partition
 11. Analysis & Synthesis Messages



----------------
; Legal Notice ;
----------------
Copyright (C) 1991-2011 Altera Corporation
Your use of Altera Corporation's design tools, logic functions 
and other software and tools, and its AMPP partner logic 
functions, and any output files from any of the foregoing 
(including device programming or simulation files), and any 
associated documentation or information are expressly subject 
to the terms and conditions of the Altera Program License 
Subscription Agreement, Altera MegaCore Function License 
Agreement, or other applicable license agreement, including, 
without limitation, that your use is for the sole purpose of 
programming logic devices manufactured by Altera and sold by 
Altera or its authorized distributors.  Please refer to the 
applicable agreement for further details.



+------------------------------------------------------------------------------------+
; Analysis & Synthesis Summary                                                       ;
+------------------------------------+-----------------------------------------------+
; Analysis & Synthesis Status        ; Successful - Wed Dec 30 12:29:49 2020         ;
; Quartus II Version                 ; 11.0 Build 208 07/03/2011 SP 1 SJ Web Edition ;
; Revision Name                      ; RF                                            ;
; Top-level Entity Name              ; RF                                            ;
; Family                             ; Cyclone IV GX                                 ;
; Total logic elements               ; 200                                           ;
;     Total combinational functions  ; 80                                            ;
;     Dedicated logic registers      ; 120                                           ;
; Total registers                    ; 120                                           ;
; Total pins                         ; 266                                           ;
; Total virtual pins                 ; 0                                             ;
; Total memory bits                  ; 0                                             ;
; Embedded Multiplier 9-bit elements ; 0                                             ;
; Total GXB Receiver Channel PCS     ; 0                                             ;
; Total GXB Receiver Channel PMA     ; 0                                             ;
; Total GXB Transmitter Channel PCS  ; 0                                             ;
; Total GXB Transmitter Channel PMA  ; 0                                             ;
; Total PLLs                         ; 0                                             ;
+------------------------------------+-----------------------------------------------+


+----------------------------------------------------------------------------------------------------------------------+
; Analysis & Synthesis Settings                                                                                        ;
+----------------------------------------------------------------------------+--------------------+--------------------+
; Option                                                                     ; Setting            ; Default Value      ;
+----------------------------------------------------------------------------+--------------------+--------------------+
; Top-level entity name                                                      ; RF                 ; RF                 ;
; Family name                                                                ; Cyclone IV GX      ; Cyclone IV GX      ;
; Use smart compilation                                                      ; Off                ; Off                ;
; Enable parallel Assembler and TimeQuest Timing Analyzer during compilation ; On                 ; On                 ;
; Enable compact report table                                                ; Off                ; Off                ;
; Restructure Multiplexers                                                   ; Auto               ; Auto               ;
; Create Debugging Nodes for IP Cores                                        ; Off                ; Off                ;
; Preserve fewer node names                                                  ; On                 ; On                 ;
; Disable OpenCore Plus hardware evaluation                                  ; Off                ; Off                ;
; Verilog Version                                                            ; Verilog_2001       ; Verilog_2001       ;
; VHDL Version                                                               ; VHDL_1993          ; VHDL_1993          ;
; State Machine Processing                                                   ; Auto               ; Auto               ;
; Safe State Machine                                                         ; Off                ; Off                ;
; Extract Verilog State Machines                                             ; On                 ; On                 ;
; Extract VHDL State Machines                                                ; On                 ; On                 ;
; Ignore Verilog initial constructs                                          ; Off                ; Off                ;
; Iteration limit for constant Verilog loops                                 ; 5000               ; 5000               ;
; Iteration limit for non-constant Verilog loops                             ; 250                ; 250                ;
; Add Pass-Through Logic to Inferred RAMs                                    ; On                 ; On                 ;
; Parallel Synthesis                                                         ; On                 ; On                 ;
; DSP Block Balancing                                                        ; Auto               ; Auto               ;
; NOT Gate Push-Back                                                         ; On                 ; On                 ;
; Power-Up Don't Care                                                        ; On                 ; On                 ;
; Remove Redundant Logic Cells                                               ; Off                ; Off                ;
; Remove Duplicate Registers                                                 ; On                 ; On                 ;
; Ignore CARRY Buffers                                                       ; Off                ; Off                ;
; Ignore CASCADE Buffers                                                     ; Off                ; Off                ;
; Ignore GLOBAL Buffers                                                      ; Off                ; Off                ;
; Ignore ROW GLOBAL Buffers                                                  ; Off                ; Off                ;
; Ignore LCELL Buffers                                                       ; Off                ; Off                ;
; Ignore SOFT Buffers                                                        ; On                 ; On                 ;
; Limit AHDL Integers to 32 Bits                                             ; Off                ; Off                ;
; Optimization Technique                                                     ; Balanced           ; Balanced           ;
; Carry Chain Length                                                         ; 70                 ; 70                 ;
; Auto Carry Chains                                                          ; On                 ; On                 ;
; Auto Open-Drain Pins                                                       ; On                 ; On                 ;
; Perform WYSIWYG Primitive Resynthesis                                      ; Off                ; Off                ;
; Auto ROM Replacement                                                       ; On                 ; On                 ;
; Auto RAM Replacement                                                       ; On                 ; On                 ;
; Auto DSP Block Replacement                                                 ; On                 ; On                 ;
; Auto Shift Register Replacement                                            ; Auto               ; Auto               ;
; Allow Shift Register Merging across Hierarchies                            ; Auto               ; Auto               ;
; Auto Clock Enable Replacement                                              ; On                 ; On                 ;
; Strict RAM Replacement                                                     ; Off                ; Off                ;
; Allow Synchronous Control Signals                                          ; On                 ; On                 ;
; Force Use of Synchronous Clear Signals                                     ; Off                ; Off                ;
; Auto RAM Block Balancing                                                   ; On                 ; On                 ;
; Auto RAM to Logic Cell Conversion                                          ; Off                ; Off                ;
; Auto Resource Sharing                                                      ; Off                ; Off                ;
; Allow Any RAM Size For Recognition                                         ; Off                ; Off                ;
; Allow Any ROM Size For Recognition                                         ; Off                ; Off                ;
; Allow Any Shift Register Size For Recognition                              ; Off                ; Off                ;
; Use LogicLock Constraints during Resource Balancing                        ; On                 ; On                 ;
; Ignore translate_off and synthesis_off directives                          ; Off                ; Off                ;
; Timing-Driven Synthesis                                                    ; On                 ; On                 ;
; Report Parameter Settings                                                  ; On                 ; On                 ;
; Report Source Assignments                                                  ; On                 ; On                 ;
; Report Connectivity Checks                                                 ; On                 ; On                 ;
; Ignore Maximum Fan-Out Assignments                                         ; Off                ; Off                ;
; Synchronization Register Chain Length                                      ; 2                  ; 2                  ;
; PowerPlay Power Optimization                                               ; Normal compilation ; Normal compilation ;
; HDL message level                                                          ; Level2             ; Level2             ;
; Suppress Register Optimization Related Messages                            ; Off                ; Off                ;
; Number of Removed Registers Reported in Synthesis Report                   ; 5000               ; 5000               ;
; Number of Inverted Registers Reported in Synthesis Report                  ; 100                ; 100                ;
; Clock MUX Protection                                                       ; On                 ; On                 ;
; Auto Gated Clock Conversion                                                ; Off                ; Off                ;
; Block Design Naming                                                        ; Auto               ; Auto               ;
; SDC constraint protection                                                  ; Off                ; Off                ;
; Synthesis Effort                                                           ; Auto               ; Auto               ;
; Shift Register Replacement - Allow Asynchronous Clear Signal               ; On                 ; On                 ;
; Analysis & Synthesis Message Level                                         ; Medium             ; Medium             ;
; Disable Register Merging Across Hierarchies                                ; Auto               ; Auto               ;
; Resource Aware Inference For Block RAM                                     ; On                 ; On                 ;
; Synthesis Seed                                                             ; 1                  ; 1                  ;
+----------------------------------------------------------------------------+--------------------+--------------------+


Parallel compilation was disabled, but you have multiple processors available. Enable parallel compilation to reduce compilation time.
+-------------------------------------+
; Parallel Compilation                ;
+----------------------------+--------+
; Processors                 ; Number ;
+----------------------------+--------+
; Number detected on machine ; 2      ;
; Maximum allowed            ; 1      ;
+----------------------------+--------+


+-----------------------------------------------------------------------------------------------------------------------------------------+
; Analysis & Synthesis Source Files Read                                                                                                  ;
+----------------------------------+-----------------+-----------------+------------------------------------------------------------------+
; File Name with User-Entered Path ; Used in Netlist ; File Type       ; File Name with Absolute Path                                     ;
+----------------------------------+-----------------+-----------------+------------------------------------------------------------------+
; REG_BF_W.vhd                     ; yes             ; User VHDL File  ; C:/Users/Utente.000/Desktop/Progetto Zamboni/RF/REG_BF_W.vhd     ;
; REG_BF_AB.vhd                    ; yes             ; User VHDL File  ; C:/Users/Utente.000/Desktop/Progetto Zamboni/RF/REG_BF_AB.vhd    ;
; MUX_20to1_RF.vhd                 ; yes             ; User VHDL File  ; C:/Users/Utente.000/Desktop/Progetto Zamboni/RF/MUX_20to1_RF.vhd ;
; MUX_4_RF.vhd                     ; yes             ; User VHDL File  ; C:/Users/Utente.000/Desktop/Progetto Zamboni/RF/MUX_4_RF.vhd     ;
; RF.vhd                           ; yes             ; User VHDL File  ; C:/Users/Utente.000/Desktop/Progetto Zamboni/RF/RF.vhd           ;
+----------------------------------+-----------------+-----------------+------------------------------------------------------------------+


+---------------------------------------------+
; Analysis & Synthesis Resource Usage Summary ;
+----------------------+----------------------+
; Resource             ; Usage                ;
+----------------------+----------------------+
; I/O pins             ; 266                  ;
; Maximum fan-out node ; CLK~input            ;
; Maximum fan-out      ; 120                  ;
; Total fan-out        ; 1006                 ;
; Average fan-out      ; 1.37                 ;
+----------------------+----------------------+


+---------------------------------------------------------------------------------------------------------------------------------------------------------------------------------------------+
; Analysis & Synthesis Resource Utilization by Entity                                                                                                                                         ;
+----------------------------+-------------------+--------------+-------------+--------------+---------+-----------+-----------+------+--------------+-------------------------+--------------+
; Compilation Hierarchy Node ; LC Combinationals ; LC Registers ; Memory Bits ; DSP Elements ; DSP 9x9 ; DSP 18x18 ; DSP 36x36 ; Pins ; Virtual Pins ; Full Hierarchy Name     ; Library Name ;
+----------------------------+-------------------+--------------+-------------+--------------+---------+-----------+-----------+------+--------------+-------------------------+--------------+
; |RF                        ; 80 (0)            ; 120 (0)      ; 0           ; 0            ; 0       ; 0         ; 0         ; 266  ; 0            ; |RF                     ;              ;
;    |MUX_20to1_RF:MUX_1A|   ; 20 (20)           ; 0 (0)        ; 0           ; 0            ; 0       ; 0         ; 0         ; 0    ; 0            ; |RF|MUX_20to1_RF:MUX_1A ;              ;
;    |MUX_20to1_RF:MUX_3W|   ; 20 (20)           ; 0 (0)        ; 0           ; 0            ; 0       ; 0         ; 0         ; 0    ; 0            ; |RF|MUX_20to1_RF:MUX_3W ;              ;
;    |MUX_4_RF:MUX_2BA|      ; 40 (40)           ; 0 (0)        ; 0           ; 0            ; 0       ; 0         ; 0         ; 0    ; 0            ; |RF|MUX_4_RF:MUX_2BA    ;              ;
;    |REG_BF_AB:R_AI|        ; 0 (0)             ; 20 (20)      ; 0           ; 0            ; 0       ; 0         ; 0         ; 0    ; 0            ; |RF|REG_BF_AB:R_AI      ;              ;
;    |REG_BF_AB:R_AR|        ; 0 (0)             ; 20 (20)      ; 0           ; 0            ; 0       ; 0         ; 0         ; 0    ; 0            ; |RF|REG_BF_AB:R_AR      ;              ;
;    |REG_BF_AB:R_BI|        ; 0 (0)             ; 20 (20)      ; 0           ; 0            ; 0       ; 0         ; 0         ; 0    ; 0            ; |RF|REG_BF_AB:R_BI      ;              ;
;    |REG_BF_AB:R_BR|        ; 0 (0)             ; 20 (20)      ; 0           ; 0            ; 0       ; 0         ; 0         ; 0    ; 0            ; |RF|REG_BF_AB:R_BR      ;              ;
;    |REG_BF_W:R_WI|         ; 0 (0)             ; 20 (20)      ; 0           ; 0            ; 0       ; 0         ; 0         ; 0    ; 0            ; |RF|REG_BF_W:R_WI       ;              ;
;    |REG_BF_W:R_WR|         ; 0 (0)             ; 20 (20)      ; 0           ; 0            ; 0       ; 0         ; 0         ; 0    ; 0            ; |RF|REG_BF_W:R_WR       ;              ;
+----------------------------+-------------------+--------------+-------------+--------------+---------+-----------+-----------+------+--------------+-------------------------+--------------+
Note: For table entries with two numbers listed, the numbers in parentheses indicate the number of resources of the given type used by the specific entity alone. The numbers listed outside of parentheses indicate the total resources of the given type used by the specific entity and all of its sub-entities in the hierarchy.


+------------------------------------------------------+
; General Register Statistics                          ;
+----------------------------------------------+-------+
; Statistic                                    ; Value ;
+----------------------------------------------+-------+
; Total registers                              ; 120   ;
; Number of registers using Synchronous Clear  ; 0     ;
; Number of registers using Synchronous Load   ; 0     ;
; Number of registers using Asynchronous Clear ; 0     ;
; Number of registers using Asynchronous Load  ; 0     ;
; Number of registers using Clock Enable       ; 80    ;
; Number of registers using Preset             ; 0     ;
+----------------------------------------------+-------+


+----------------------------------------------------------------------------------------------------------------------------------------------------------+
; Multiplexer Restructuring Statistics (Restructuring Performed)                                                                                           ;
+--------------------+-----------+---------------+----------------------+------------------------+----------------------------+----------------------------+
; Multiplexer Inputs ; Bus Width ; Baseline Area ; Area if Restructured ; Saving if Restructured ; Registered                 ; Example Multiplexer Output ;
+--------------------+-----------+---------------+----------------------+------------------------+----------------------------+----------------------------+
; 4:1                ; 20 bits   ; 40 LEs        ; 40 LEs               ; 0 LEs                  ; |RF|MUX_4_RF:MUX_2BA|Mux19 ;                            ;
+--------------------+-----------+---------------+----------------------+------------------------+----------------------------+----------------------------+


+-------------------------------+
; Elapsed Time Per Partition    ;
+----------------+--------------+
; Partition Name ; Elapsed Time ;
+----------------+--------------+
; Top            ; 00:00:01     ;
+----------------+--------------+


+-------------------------------+
; Analysis & Synthesis Messages ;
+-------------------------------+
Info: *******************************************************************
Info: Running Quartus II Analysis & Synthesis
    Info: Version 11.0 Build 208 07/03/2011 Service Pack 1 SJ Web Edition
    Info: Processing started: Wed Dec 30 12:29:44 2020
Info: Command: quartus_map --read_settings_files=on --write_settings_files=off RF -c RF
Warning: Parallel compilation is not licensed and has been disabled
Info: Found 2 design units, including 1 entities, in source file reg_bf_w.vhd
    Info: Found design unit 1: REG_BF_W-behav
    Info: Found entity 1: REG_BF_W
Info: Found 2 design units, including 1 entities, in source file reg_bf_ab.vhd
    Info: Found design unit 1: REG_BF_AB-behav
    Info: Found entity 1: REG_BF_AB
Info: Found 2 design units, including 1 entities, in source file mux_20to1_rf.vhd
    Info: Found design unit 1: MUX_20to1_RF-behav
    Info: Found entity 1: MUX_20to1_RF
Info: Found 2 design units, including 1 entities, in source file mux_4_rf.vhd
    Info: Found design unit 1: MUX_4_RF-behav
    Info: Found entity 1: MUX_4_RF
Info: Found 2 design units, including 1 entities, in source file rf.vhd
    Info: Found design unit 1: RF-BEHAV
    Info: Found entity 1: RF
Info: Elaborating entity "RF" for the top level hierarchy
Info: Elaborating entity "MUX_4_RF" for hierarchy "MUX_4_RF:MUX_2BA"
Info: Elaborating entity "MUX_20to1_RF" for hierarchy "MUX_20to1_RF:MUX_3W"
Info: Elaborating entity "REG_BF_AB" for hierarchy "REG_BF_AB:R_AR"
Info: Elaborating entity "REG_BF_W" for hierarchy "REG_BF_W:R_WR"
Info: Timing-Driven Synthesis is running
Info: Generating hard_block partition "hard_block:auto_generated_inst"
Warning: Design contains 1 input pin(s) that do not drive logic
    Warning (15610): No output dependent on input pin "SEL1"
Info: Implemented 466 device resources after synthesis - the final resource count might be different
    Info: Implemented 126 input pins
    Info: Implemented 140 output pins
    Info: Implemented 200 logic cells
Info: Quartus II Analysis & Synthesis was successful. 0 errors, 3 warnings
    Info: Peak virtual memory: 326 megabytes
    Info: Processing ended: Wed Dec 30 12:29:49 2020
    Info: Elapsed time: 00:00:05
    Info: Total CPU time (on all processors): 00:00:04


