Analysis & Synthesis report for CU_TOP
Fri Jan 08 10:15:23 2021
Quartus Prime Version 20.1.1 Build 720 11/11/2020 SJ Lite Edition


---------------------
; Table of Contents ;
---------------------
  1. Legal Notice
  2. Analysis & Synthesis Summary
  3. Analysis & Synthesis Settings
  4. Parallel Compilation
  5. Analysis & Synthesis Source Files Read
  6. Analysis & Synthesis Resource Usage Summary
  7. Analysis & Synthesis Resource Utilization by Entity
  8. Registers Removed During Synthesis
  9. General Register Statistics
 10. Inverted Register Statistics
 11. Parameter Settings for User Entity Instance: uROM_TOP:ROM
 12. Post-Synthesis Netlist Statistics for Top Partition
 13. Elapsed Time Per Partition
 14. Analysis & Synthesis Messages



----------------
; Legal Notice ;
----------------
Copyright (C) 2020  Intel Corporation. All rights reserved.
Your use of Intel Corporation's design tools, logic functions 
and other software and tools, and any partner logic 
functions, and any output files from any of the foregoing 
(including device programming or simulation files), and any 
associated documentation or information are expressly subject 
to the terms and conditions of the Intel Program License 
Subscription Agreement, the Intel Quartus Prime License Agreement,
the Intel FPGA IP License Agreement, or other applicable license
agreement, including, without limitation, that your use is for
the sole purpose of programming logic devices manufactured by
Intel and sold by Intel or its authorized distributors.  Please
refer to the applicable agreement for further details, at
https://fpgasoftware.intel.com/eula.



+----------------------------------------------------------------------------------+
; Analysis & Synthesis Summary                                                     ;
+------------------------------------+---------------------------------------------+
; Analysis & Synthesis Status        ; Successful - Fri Jan 08 10:15:23 2021       ;
; Quartus Prime Version              ; 20.1.1 Build 720 11/11/2020 SJ Lite Edition ;
; Revision Name                      ; CU_TOP                                      ;
; Top-level Entity Name              ; CU_TOP                                      ;
; Family                             ; Cyclone IV E                                ;
; Total logic elements               ; 11                                          ;
;     Total combinational functions  ; 11                                          ;
;     Dedicated logic registers      ; 3                                           ;
; Total registers                    ; 3                                           ;
; Total pins                         ; 13                                          ;
; Total virtual pins                 ; 0                                           ;
; Total memory bits                  ; 0                                           ;
; Embedded Multiplier 9-bit elements ; 0                                           ;
; Total PLLs                         ; 0                                           ;
+------------------------------------+---------------------------------------------+


+------------------------------------------------------------------------------------------------------------+
; Analysis & Synthesis Settings                                                                              ;
+------------------------------------------------------------------+--------------------+--------------------+
; Option                                                           ; Setting            ; Default Value      ;
+------------------------------------------------------------------+--------------------+--------------------+
; Top-level entity name                                            ; CU_TOP             ; CU_TOP             ;
; Family name                                                      ; Cyclone IV E       ; Cyclone V          ;
; Use smart compilation                                            ; Off                ; Off                ;
; Enable parallel Assembler and Timing Analyzer during compilation ; On                 ; On                 ;
; Enable compact report table                                      ; Off                ; Off                ;
; Restructure Multiplexers                                         ; Auto               ; Auto               ;
; Create Debugging Nodes for IP Cores                              ; Off                ; Off                ;
; Preserve fewer node names                                        ; On                 ; On                 ;
; Intel FPGA IP Evaluation Mode                                    ; Enable             ; Enable             ;
; Verilog Version                                                  ; Verilog_2001       ; Verilog_2001       ;
; VHDL Version                                                     ; VHDL_1993          ; VHDL_1993          ;
; State Machine Processing                                         ; Auto               ; Auto               ;
; Safe State Machine                                               ; Off                ; Off                ;
; Extract Verilog State Machines                                   ; On                 ; On                 ;
; Extract VHDL State Machines                                      ; On                 ; On                 ;
; Ignore Verilog initial constructs                                ; Off                ; Off                ;
; Iteration limit for constant Verilog loops                       ; 5000               ; 5000               ;
; Iteration limit for non-constant Verilog loops                   ; 250                ; 250                ;
; Add Pass-Through Logic to Inferred RAMs                          ; On                 ; On                 ;
; Infer RAMs from Raw Logic                                        ; On                 ; On                 ;
; Parallel Synthesis                                               ; On                 ; On                 ;
; DSP Block Balancing                                              ; Auto               ; Auto               ;
; NOT Gate Push-Back                                               ; On                 ; On                 ;
; Power-Up Don't Care                                              ; On                 ; On                 ;
; Remove Redundant Logic Cells                                     ; Off                ; Off                ;
; Remove Duplicate Registers                                       ; On                 ; On                 ;
; Ignore CARRY Buffers                                             ; Off                ; Off                ;
; Ignore CASCADE Buffers                                           ; Off                ; Off                ;
; Ignore GLOBAL Buffers                                            ; Off                ; Off                ;
; Ignore ROW GLOBAL Buffers                                        ; Off                ; Off                ;
; Ignore LCELL Buffers                                             ; Off                ; Off                ;
; Ignore SOFT Buffers                                              ; On                 ; On                 ;
; Limit AHDL Integers to 32 Bits                                   ; Off                ; Off                ;
; Optimization Technique                                           ; Balanced           ; Balanced           ;
; Carry Chain Length                                               ; 70                 ; 70                 ;
; Auto Carry Chains                                                ; On                 ; On                 ;
; Auto Open-Drain Pins                                             ; On                 ; On                 ;
; Perform WYSIWYG Primitive Resynthesis                            ; Off                ; Off                ;
; Auto ROM Replacement                                             ; On                 ; On                 ;
; Auto RAM Replacement                                             ; On                 ; On                 ;
; Auto DSP Block Replacement                                       ; On                 ; On                 ;
; Auto Shift Register Replacement                                  ; Auto               ; Auto               ;
; Allow Shift Register Merging across Hierarchies                  ; Auto               ; Auto               ;
; Auto Clock Enable Replacement                                    ; On                 ; On                 ;
; Strict RAM Replacement                                           ; Off                ; Off                ;
; Allow Synchronous Control Signals                                ; On                 ; On                 ;
; Force Use of Synchronous Clear Signals                           ; Off                ; Off                ;
; Auto RAM Block Balancing                                         ; On                 ; On                 ;
; Auto RAM to Logic Cell Conversion                                ; Off                ; Off                ;
; Auto Resource Sharing                                            ; Off                ; Off                ;
; Allow Any RAM Size For Recognition                               ; Off                ; Off                ;
; Allow Any ROM Size For Recognition                               ; Off                ; Off                ;
; Allow Any Shift Register Size For Recognition                    ; Off                ; Off                ;
; Use LogicLock Constraints during Resource Balancing              ; On                 ; On                 ;
; Ignore translate_off and synthesis_off directives                ; Off                ; Off                ;
; Timing-Driven Synthesis                                          ; On                 ; On                 ;
; Report Parameter Settings                                        ; On                 ; On                 ;
; Report Source Assignments                                        ; On                 ; On                 ;
; Report Connectivity Checks                                       ; On                 ; On                 ;
; Ignore Maximum Fan-Out Assignments                               ; Off                ; Off                ;
; Synchronization Register Chain Length                            ; 2                  ; 2                  ;
; Power Optimization During Synthesis                              ; Normal compilation ; Normal compilation ;
; HDL message level                                                ; Level2             ; Level2             ;
; Suppress Register Optimization Related Messages                  ; Off                ; Off                ;
; Number of Removed Registers Reported in Synthesis Report         ; 5000               ; 5000               ;
; Number of Swept Nodes Reported in Synthesis Report               ; 5000               ; 5000               ;
; Number of Inverted Registers Reported in Synthesis Report        ; 100                ; 100                ;
; Clock MUX Protection                                             ; On                 ; On                 ;
; Auto Gated Clock Conversion                                      ; Off                ; Off                ;
; Block Design Naming                                              ; Auto               ; Auto               ;
; SDC constraint protection                                        ; Off                ; Off                ;
; Synthesis Effort                                                 ; Auto               ; Auto               ;
; Shift Register Replacement - Allow Asynchronous Clear Signal     ; On                 ; On                 ;
; Pre-Mapping Resynthesis Optimization                             ; Off                ; Off                ;
; Analysis & Synthesis Message Level                               ; Medium             ; Medium             ;
; Disable Register Merging Across Hierarchies                      ; Auto               ; Auto               ;
; Resource Aware Inference For Block RAM                           ; On                 ; On                 ;
+------------------------------------------------------------------+--------------------+--------------------+


+------------------------------------------+
; Parallel Compilation                     ;
+----------------------------+-------------+
; Processors                 ; Number      ;
+----------------------------+-------------+
; Number detected on machine ; 8           ;
; Maximum allowed            ; 4           ;
;                            ;             ;
; Average used               ; 1.00        ;
; Maximum used               ; 4           ;
;                            ;             ;
; Usage by Processor         ; % Time Used ;
;     Processor 1            ; 100.0%      ;
;     Processors 2-4         ;   0.0%      ;
+----------------------------+-------------+


+-------------------------------------------------------------------------------------------------------------------------------------------------------------------------------------------------------+
; Analysis & Synthesis Source Files Read                                                                                                                                                                ;
+----------------------------------+-----------------+-----------------+----------------------------------------------------------------------------------------------------------------------+---------+
; File Name with User-Entered Path ; Used in Netlist ; File Type       ; File Name with Absolute Path                                                                                         ; Library ;
+----------------------------------+-----------------+-----------------+----------------------------------------------------------------------------------------------------------------------+---------+
; uROM_TOP.vhd                     ; yes             ; User VHDL File  ; C:/Users/stefa/OneDrive/Desktop/MAGISTRALE/Sistemi digitali integrati/PROGETTO ZAMBONI/VHDL/CU_TOP/uROM_TOP.vhd      ;         ;
; mux2to1.vhd                      ; yes             ; User VHDL File  ; C:/Users/stefa/OneDrive/Desktop/MAGISTRALE/Sistemi digitali integrati/PROGETTO ZAMBONI/VHDL/CU_TOP/mux2to1.vhd       ;         ;
; REG_PS_TOP.vhd                   ; yes             ; User VHDL File  ; C:/Users/stefa/OneDrive/Desktop/MAGISTRALE/Sistemi digitali integrati/PROGETTO ZAMBONI/VHDL/CU_TOP/REG_PS_TOP.vhd    ;         ;
; PLA_TOP.vhd                      ; yes             ; User VHDL File  ; C:/Users/stefa/OneDrive/Desktop/MAGISTRALE/Sistemi digitali integrati/PROGETTO ZAMBONI/VHDL/CU_TOP/PLA_TOP.vhd       ;         ;
; CU_TOP.vhd                       ; yes             ; User VHDL File  ; C:/Users/stefa/OneDrive/Desktop/MAGISTRALE/Sistemi digitali integrati/PROGETTO ZAMBONI/VHDL/CU_TOP/CU_TOP.vhd        ;         ;
; MUX_12to1_TOP.vhd                ; yes             ; User VHDL File  ; C:/Users/stefa/OneDrive/Desktop/MAGISTRALE/Sistemi digitali integrati/PROGETTO ZAMBONI/VHDL/CU_TOP/MUX_12to1_TOP.vhd ;         ;
+----------------------------------+-----------------+-----------------+----------------------------------------------------------------------------------------------------------------------+---------+


+----------------------------------------------------------------------+
; Analysis & Synthesis Resource Usage Summary                          ;
+---------------------------------------------+------------------------+
; Resource                                    ; Usage                  ;
+---------------------------------------------+------------------------+
; Estimated Total logic elements              ; 11                     ;
;                                             ;                        ;
; Total combinational functions               ; 11                     ;
; Logic element usage by number of LUT inputs ;                        ;
;     -- 4 input functions                    ; 4                      ;
;     -- 3 input functions                    ; 5                      ;
;     -- <=2 input functions                  ; 2                      ;
;                                             ;                        ;
; Logic elements by mode                      ;                        ;
;     -- normal mode                          ; 11                     ;
;     -- arithmetic mode                      ; 0                      ;
;                                             ;                        ;
; Total registers                             ; 3                      ;
;     -- Dedicated logic registers            ; 3                      ;
;     -- I/O registers                        ; 0                      ;
;                                             ;                        ;
; I/O pins                                    ; 13                     ;
;                                             ;                        ;
; Embedded Multiplier 9-bit elements          ; 0                      ;
;                                             ;                        ;
; Maximum fan-out node                        ; REG_PS_TOP:REG_PS|Q[2] ;
; Maximum fan-out                             ; 9                      ;
; Total fan-out                               ; 62                     ;
; Average fan-out                             ; 1.55                   ;
+---------------------------------------------+------------------------+


+--------------------------------------------------------------------------------------------------------------------------------------------------------------------------------------------------------------------------+
; Analysis & Synthesis Resource Utilization by Entity                                                                                                                                                                      ;
+----------------------------+---------------------+---------------------------+-------------+--------------+---------+-----------+------+--------------+-----------------------------------+---------------+--------------+
; Compilation Hierarchy Node ; Combinational ALUTs ; Dedicated Logic Registers ; Memory Bits ; DSP Elements ; DSP 9x9 ; DSP 18x18 ; Pins ; Virtual Pins ; Full Hierarchy Name               ; Entity Name   ; Library Name ;
+----------------------------+---------------------+---------------------------+-------------+--------------+---------+-----------+------+--------------+-----------------------------------+---------------+--------------+
; |CU_TOP                    ; 11 (0)              ; 3 (0)                     ; 0           ; 0            ; 0       ; 0         ; 13   ; 0            ; |CU_TOP                           ; CU_TOP        ; work         ;
;    |MUX_12to1_TOP:MUX_12|  ; 5 (5)               ; 0 (0)                     ; 0           ; 0            ; 0       ; 0         ; 0    ; 0            ; |CU_TOP|MUX_12to1_TOP:MUX_12      ; MUX_12to1_TOP ; work         ;
;    |PLA_TOP:PLA|           ; 5 (0)               ; 0 (0)                     ; 0           ; 0            ; 0       ; 0         ; 0    ; 0            ; |CU_TOP|PLA_TOP:PLA               ; PLA_TOP       ; work         ;
;       |MUX_2to1:mux0|      ; 3 (3)               ; 0 (0)                     ; 0           ; 0            ; 0       ; 0         ; 0    ; 0            ; |CU_TOP|PLA_TOP:PLA|MUX_2to1:mux0 ; MUX_2to1      ; work         ;
;       |MUX_2to1:mux1|      ; 2 (2)               ; 0 (0)                     ; 0           ; 0            ; 0       ; 0         ; 0    ; 0            ; |CU_TOP|PLA_TOP:PLA|MUX_2to1:mux1 ; MUX_2to1      ; work         ;
;    |REG_PS_TOP:REG_PS|     ; 1 (1)               ; 3 (3)                     ; 0           ; 0            ; 0       ; 0         ; 0    ; 0            ; |CU_TOP|REG_PS_TOP:REG_PS         ; REG_PS_TOP    ; work         ;
+----------------------------+---------------------+---------------------------+-------------+--------------+---------+-----------+------+--------------+-----------------------------------+---------------+--------------+
Note: For table entries with two numbers listed, the numbers in parentheses indicate the number of resources of the given type used by the specific entity alone. The numbers listed outside of parentheses indicate the total resources of the given type used by the specific entity and all of its sub-entities in the hierarchy.


+----------------------------------------------------------------------------+
; Registers Removed During Synthesis                                         ;
+---------------------------------------+------------------------------------+
; Register name                         ; Reason for Removal                 ;
+---------------------------------------+------------------------------------+
; REG_PS_TOP:REG_PS|Q[3]                ; Merged with REG_PS_TOP:REG_PS|Q[2] ;
; Total Number of Removed Registers = 1 ;                                    ;
+---------------------------------------+------------------------------------+


+------------------------------------------------------+
; General Register Statistics                          ;
+----------------------------------------------+-------+
; Statistic                                    ; Value ;
+----------------------------------------------+-------+
; Total registers                              ; 3     ;
; Number of registers using Synchronous Clear  ; 0     ;
; Number of registers using Synchronous Load   ; 0     ;
; Number of registers using Asynchronous Clear ; 3     ;
; Number of registers using Asynchronous Load  ; 0     ;
; Number of registers using Clock Enable       ; 0     ;
; Number of registers using Preset             ; 0     ;
+----------------------------------------------+-------+


+--------------------------------------------------+
; Inverted Register Statistics                     ;
+----------------------------------------+---------+
; Inverted Register                      ; Fan out ;
+----------------------------------------+---------+
; REG_PS_TOP:REG_PS|Q[0]                 ; 8       ;
; REG_PS_TOP:REG_PS|Q[1]                 ; 7       ;
; Total number of inverted registers = 2 ;         ;
+----------------------------------------+---------+


+-----------------------------------------------------------+
; Parameter Settings for User Entity Instance: uROM_TOP:ROM ;
+----------------+-------+----------------------------------+
; Parameter Name ; Value ; Type                             ;
+----------------+-------+----------------------------------+
; row            ; 3     ; Signed Integer                   ;
; column         ; 48    ; Signed Integer                   ;
+----------------+-------+----------------------------------+
Note: In order to hide this table in the UI and the text report file, please set the "Show Parameter Settings in Synthesis Report" option in "Analysis and Synthesis Settings -> More Settings" to "Off".


+-----------------------------------------------------+
; Post-Synthesis Netlist Statistics for Top Partition ;
+-----------------------+-----------------------------+
; Type                  ; Count                       ;
+-----------------------+-----------------------------+
; boundary_port         ; 13                          ;
; cycloneiii_ff         ; 3                           ;
;     CLR               ; 3                           ;
; cycloneiii_lcell_comb ; 15                          ;
;     normal            ; 15                          ;
;         0 data inputs ; 1                           ;
;         1 data inputs ; 3                           ;
;         2 data inputs ; 2                           ;
;         3 data inputs ; 5                           ;
;         4 data inputs ; 4                           ;
;                       ;                             ;
; Max LUT depth         ; 3.00                        ;
; Average LUT depth     ; 1.92                        ;
+-----------------------+-----------------------------+


+-------------------------------+
; Elapsed Time Per Partition    ;
+----------------+--------------+
; Partition Name ; Elapsed Time ;
+----------------+--------------+
; Top            ; 00:00:01     ;
+----------------+--------------+


+-------------------------------+
; Analysis & Synthesis Messages ;
+-------------------------------+
Info: *******************************************************************
Info: Running Quartus Prime Analysis & Synthesis
    Info: Version 20.1.1 Build 720 11/11/2020 SJ Lite Edition
    Info: Processing started: Fri Jan 08 10:15:06 2021
Info: Command: quartus_map --read_settings_files=on --write_settings_files=off CU_TOP -c CU_TOP
Warning (18236): Number of processors has not been specified which may cause overloading on shared machines.  Set the global assignment NUM_PARALLEL_PROCESSORS in your QSF to an appropriate value for best performance.
Info (20030): Parallel compilation is enabled and will use 4 of the 4 processors detected
Info (12021): Found 2 design units, including 1 entities, in source file urom_top.vhd
    Info (12022): Found design unit 1: uROM_TOP-Behavioral File: C:/Users/stefa/OneDrive/Desktop/MAGISTRALE/Sistemi digitali integrati/PROGETTO ZAMBONI/VHDL/CU_TOP/uROM_TOP.vhd Line: 14
    Info (12023): Found entity 1: uROM_TOP File: C:/Users/stefa/OneDrive/Desktop/MAGISTRALE/Sistemi digitali integrati/PROGETTO ZAMBONI/VHDL/CU_TOP/uROM_TOP.vhd Line: 5
Info (12021): Found 2 design units, including 1 entities, in source file mux2to1.vhd
    Info (12022): Found design unit 1: MUX_2to1-behav File: C:/Users/stefa/OneDrive/Desktop/MAGISTRALE/Sistemi digitali integrati/PROGETTO ZAMBONI/VHDL/CU_TOP/mux2to1.vhd Line: 10
    Info (12023): Found entity 1: MUX_2to1 File: C:/Users/stefa/OneDrive/Desktop/MAGISTRALE/Sistemi digitali integrati/PROGETTO ZAMBONI/VHDL/CU_TOP/mux2to1.vhd Line: 5
Info (12021): Found 2 design units, including 1 entities, in source file reg_ps_top.vhd
    Info (12022): Found design unit 1: REG_PS_TOP-behav File: C:/Users/stefa/OneDrive/Desktop/MAGISTRALE/Sistemi digitali integrati/PROGETTO ZAMBONI/VHDL/CU_TOP/REG_PS_TOP.vhd Line: 12
    Info (12023): Found entity 1: REG_PS_TOP File: C:/Users/stefa/OneDrive/Desktop/MAGISTRALE/Sistemi digitali integrati/PROGETTO ZAMBONI/VHDL/CU_TOP/REG_PS_TOP.vhd Line: 5
Info (12021): Found 2 design units, including 1 entities, in source file pla_top.vhd
    Info (12022): Found design unit 1: PLA_TOP-behav File: C:/Users/stefa/OneDrive/Desktop/MAGISTRALE/Sistemi digitali integrati/PROGETTO ZAMBONI/VHDL/CU_TOP/PLA_TOP.vhd Line: 12
    Info (12023): Found entity 1: PLA_TOP File: C:/Users/stefa/OneDrive/Desktop/MAGISTRALE/Sistemi digitali integrati/PROGETTO ZAMBONI/VHDL/CU_TOP/PLA_TOP.vhd Line: 5
Info (12021): Found 2 design units, including 1 entities, in source file cu_top.vhd
    Info (12022): Found design unit 1: CU_TOP-behav File: C:/Users/stefa/OneDrive/Desktop/MAGISTRALE/Sistemi digitali integrati/PROGETTO ZAMBONI/VHDL/CU_TOP/CU_TOP.vhd Line: 10
    Info (12023): Found entity 1: CU_TOP File: C:/Users/stefa/OneDrive/Desktop/MAGISTRALE/Sistemi digitali integrati/PROGETTO ZAMBONI/VHDL/CU_TOP/CU_TOP.vhd Line: 5
Info (12021): Found 2 design units, including 1 entities, in source file mux_12to1_top.vhd
    Info (12022): Found design unit 1: MUX_12to1_TOP-behav File: C:/Users/stefa/OneDrive/Desktop/MAGISTRALE/Sistemi digitali integrati/PROGETTO ZAMBONI/VHDL/CU_TOP/MUX_12to1_TOP.vhd Line: 11
    Info (12023): Found entity 1: MUX_12to1_TOP File: C:/Users/stefa/OneDrive/Desktop/MAGISTRALE/Sistemi digitali integrati/PROGETTO ZAMBONI/VHDL/CU_TOP/MUX_12to1_TOP.vhd Line: 5
Info (12021): Found 2 design units, including 1 entities, in source file cu_top_tb.vhd
    Info (12022): Found design unit 1: CU_TOP_tb-behav File: C:/Users/stefa/OneDrive/Desktop/MAGISTRALE/Sistemi digitali integrati/PROGETTO ZAMBONI/VHDL/CU_TOP/CU_TOP_tb.vhd Line: 9
    Info (12023): Found entity 1: CU_TOP_tb File: C:/Users/stefa/OneDrive/Desktop/MAGISTRALE/Sistemi digitali integrati/PROGETTO ZAMBONI/VHDL/CU_TOP/CU_TOP_tb.vhd Line: 6
Info (12127): Elaborating entity "CU_TOP" for the top level hierarchy
Info (12128): Elaborating entity "uROM_TOP" for hierarchy "uROM_TOP:ROM" File: C:/Users/stefa/OneDrive/Desktop/MAGISTRALE/Sistemi digitali integrati/PROGETTO ZAMBONI/VHDL/CU_TOP/CU_TOP.vhd Line: 48
Info (12128): Elaborating entity "PLA_TOP" for hierarchy "PLA_TOP:PLA" File: C:/Users/stefa/OneDrive/Desktop/MAGISTRALE/Sistemi digitali integrati/PROGETTO ZAMBONI/VHDL/CU_TOP/CU_TOP.vhd Line: 51
Info (12128): Elaborating entity "MUX_2to1" for hierarchy "PLA_TOP:PLA|MUX_2to1:mux0" File: C:/Users/stefa/OneDrive/Desktop/MAGISTRALE/Sistemi digitali integrati/PROGETTO ZAMBONI/VHDL/CU_TOP/PLA_TOP.vhd Line: 28
Info (12128): Elaborating entity "REG_PS_TOP" for hierarchy "REG_PS_TOP:REG_PS" File: C:/Users/stefa/OneDrive/Desktop/MAGISTRALE/Sistemi digitali integrati/PROGETTO ZAMBONI/VHDL/CU_TOP/CU_TOP.vhd Line: 54
Info (12128): Elaborating entity "MUX_12to1_TOP" for hierarchy "MUX_12to1_TOP:MUX_12" File: C:/Users/stefa/OneDrive/Desktop/MAGISTRALE/Sistemi digitali integrati/PROGETTO ZAMBONI/VHDL/CU_TOP/CU_TOP.vhd Line: 57
Info (13000): Registers with preset signals will power-up high File: C:/Users/stefa/OneDrive/Desktop/MAGISTRALE/Sistemi digitali integrati/PROGETTO ZAMBONI/VHDL/CU_TOP/REG_PS_TOP.vhd Line: 21
Info (13003): DEV_CLRn pin will set, and not reset, register with preset signal due to NOT Gate Push-Back
Warning (13024): Output pins are stuck at VCC or GND
    Warning (13410): Pin "CTRL_TOP_OUT[3]" is stuck at GND File: C:/Users/stefa/OneDrive/Desktop/MAGISTRALE/Sistemi digitali integrati/PROGETTO ZAMBONI/VHDL/CU_TOP/CU_TOP.vhd Line: 7
Info (286030): Timing-Driven Synthesis is running
Info (16010): Generating hard_block partition "hard_block:auto_generated_inst"
    Info (16011): Adding 0 node(s), including 0 DDIO, 0 PLL, 0 transceiver and 0 LCELL
Info (21057): Implemented 24 device resources after synthesis - the final resource count might be different
    Info (21058): Implemented 7 input pins
    Info (21059): Implemented 6 output pins
    Info (21061): Implemented 11 logic cells
Info: Quartus Prime Analysis & Synthesis was successful. 0 errors, 3 warnings
    Info: Peak virtual memory: 4791 megabytes
    Info: Processing ended: Fri Jan 08 10:15:23 2021
    Info: Elapsed time: 00:00:17
    Info: Total CPU time (on all processors): 00:00:33


